Arguments: 
  C:\Program Files\nodejs\node.exe C:\Users\Okjas\AppData\Local\node\corepack\yarn\1.22.19\bin\yarn.js add vite

PATH: 
  C:\WINDOWS\system32;C:\WINDOWS;C:\WINDOWS\System32\Wbem;C:\WINDOWS\System32\WindowsPowerShell\v1.0\;C:\WINDOWS\System32\OpenSSH\;C:\Program Files\nodejs\;C:\Program Files\Git\cmd;C:\Users\Okjas\AppData\Local\Microsoft\WindowsApps;;C:\Users\Okjas\AppData\Local\Programs\Microsoft VS Code\bin;C:\Users\Okjas\AppData\Roaming\npm

Yarn version: 
  1.22.19

Node version: 
  18.12.1

Platform: 
  win32 x64

Trace: 
  Error: connect EHOSTUNREACH 104.16.21.35:443
      at TCPConnectWrap.afterConnect [as oncomplete] (node:net:1300:16)

npm manifest: 
  {
    "dependencies": {
      "three": "^0.152.2"
    }
  }

yarn manifest: 
  No manifest

Lockfile: 
  # THIS IS AN AUTOGENERATED FILE. DO NOT EDIT THIS FILE DIRECTLY.
  # yarn lockfile v1
  
  
  three@^0.152.2:
    version "0.152.2"
    resolved "https://registry.yarnpkg.com/three/-/three-0.152.2.tgz#2ee0f2c504d31a4bc29b45495c12bded9fda7bfc"
    integrity sha512-Ff9zIpSfkkqcBcpdiFo2f35vA9ZucO+N8TNacJOqaEE6DrB0eufItVMib8bK8Pcju/ZNT6a7blE1GhTpkdsILw==
